<?xml version="1.0" encoding="UTF-8"?>
<!-- Generated by org.testng.reporters.JUnitXMLReporter -->
<testsuite hostname="DNID0694L01" ignored="0" name="covid19 API Test" tests="5" failures="0" timestamp="07 May 2020 04:02:08 GMT" time="13.726" errors="0">
  <testcase name="getAssertion" time="0.097" classname="com.g2academy.testcases.TC001_Get"/>
  <testcase name="getByIdAssertion" time="0.0" classname="com.g2academy.testcases.TC002_GetById"/>
  <testcase name="postAssertion" time="0.0" classname="com.g2academy.testcases.TC003_Post"/>
  <testcase name="putAssertion" time="0.001" classname="com.g2academy.testcases.TC004_Put"/>
  <testcase name="deleteAssertion" time="0.0" classname="com.g2academy.testcases.TC005_Delete"/>
</testsuite> <!-- covid19 API Test -->
